<?xml version="1.0" encoding="UTF-8"?>
<!-- Generated by org.testng.reporters.JUnitReportReporter -->
<testsuite hostname="DESKTOP-V1OII0Q" failures="0" tests="3" name="TestsObjects.AddModels" time="25.985" errors="0" timestamp="2023-05-23T17:38:45 IDT" skipped="0">
  <testcase classname="TestsObjects.AddModels" name="MadeLogin" time="2.850"/>
  <system-out/>
  <testcase classname="TestsObjects.AddModels" name="NewModel" time="2.002"/>
  <system-out/>
  <testcase classname="TestsObjects.AddModels" name="ExisitingModel" time="21.133"/>
  <system-out/>
</testsuite> <!-- TestsObjects.AddModels -->
