<?xml version="1.0" encoding="UTF-8"?>
<!-- Generated by org.testng.reporters.JUnitReportReporter -->
<testsuite hostname="DESKTOP-V1OII0Q" failures="0" tests="3" name="TestsObjects.LoginTest" time="5.932" errors="0" timestamp="2023-05-23T17:04:05 IDT" skipped="0">
  <testcase classname="TestsObjects.LoginTest" name="MadeLogin" time="2.873"/>
  <system-out/>
  <testcase classname="TestsObjects.LoginTest" name="NewModel" time="1.978"/>
  <system-out/>
  <testcase classname="TestsObjects.LoginTest" name="ExisitingModel" time="1.081"/>
  <system-out/>
</testsuite> <!-- TestsObjects.LoginTest -->
