<?xml version="1.0" encoding="UTF-8"?>
<!-- Generated by org.testng.reporters.JUnitReportReporter -->
<testsuite hostname="yinons-MacBook-Pro-2.local" failures="0" tests="2" name="TestsObjects.DivdePolygonTest" time="1.405" errors="0" timestamp="2021-08-09T01:15:22 IDT" skipped="0">
  <testcase classname="TestsObjects.DivdePolygonTest" name="CreateCircle" time="0.735"/>
  <system-out/>
  <testcase classname="TestsObjects.DivdePolygonTest" name="DividePolygon" time="0.670"/>
  <system-out/>
</testsuite> <!-- TestsObjects.DivdePolygonTest -->
