<?xml version="1.0" encoding="UTF-8"?>
<!-- Generated by org.testng.reporters.JUnitReportReporter -->
<testsuite hostname="yinons-MacBook-Pro-2.local" failures="0" tests="1" name="TestsObjects.CreatePolygonTest" time="0.741" errors="0" timestamp="2021-08-09T01:15:22 IDT" skipped="0">
  <testcase classname="TestsObjects.CreatePolygonTest" name="CreateCircle" time="0.741"/>
  <system-out/>
</testsuite> <!-- TestsObjects.CreatePolygonTest -->
