<?xml version="1.0" encoding="UTF-8"?>
<!-- Generated by org.testng.reporters.JUnitReportReporter -->
<testsuite hostname="DESKTOP-V1OII0Q" failures="0" tests="1" name="TestsObjects.StartSearchJob" time="4.061" errors="0" timestamp="2023-05-15T10:19:49 IDT" skipped="0">
  <testcase classname="TestsObjects.StartSearchJob" name="OpenCareersPage" time="4.061"/>
  <system-out/>
</testsuite> <!-- TestsObjects.StartSearchJob -->
